warning: 89 functions have mismatched data
Filename                      Regions    Missed Regions     Cover   Functions  Missed Functions  Executed       Lines      Missed Lines     Cover    Branches   Missed Branches     Cover
-----------------------------------------------------------------------------------------------------------------------------------------------------------------------------------------------------------------------------------
bitboard.cpp                     1552               322    79.25%          64                 2    96.88%        1881               146    92.24%         868                86    90.09%
bitboard.hpp                        5                 0   100.00%           5                 0   100.00%          24                 0   100.00%           0                 0         -
chesso.cpp                       1009               456    54.81%          55                 8    85.45%         968               216    77.69%         402                89    77.86%
data_structures.hpp                20                 7    65.00%          10                 6    40.00%          28                18    35.71%          10                 2    80.00%
eval_tables.hpp                    14                 0   100.00%           3                 0   100.00%          40                 0   100.00%           8                 0   100.00%
evaluation.cpp                    226                 0   100.00%          23                 0   100.00%         326                 0   100.00%         126                 0   100.00%
log.hpp                            10                 7    30.00%           6                 3    50.00%          44                31    29.55%           4                 4     0.00%
openings.cpp                      108                13    87.96%          11                 1    90.91%         212                26    87.74%          72                10    86.11%
search.cpp                        563                15    97.34%          19                 0   100.00%         533                 6    98.87%         414                33    92.03%
search_params.cpp                   3                 0   100.00%           3                 0   100.00%           9                 0   100.00%           0                 0         -
transposition_table.cpp            81                34    58.02%           7                 0   100.00%          83                10    87.95%          28                 3    89.29%
utils.cpp                          64                43    32.81%          14                 3    78.57%         158                59    62.66%          38                28    26.32%
utils.hpp                           1                 1     0.00%           1                 1     0.00%           4                 4     0.00%           0                 0         -

Files which contain no functions:
evaluation.hpp                      0                 0         -           0                 0         -           0                 0         -           0                 0         -
openings.hpp                        0                 0         -           0                 0         -           0                 0         -           0                 0         -
uci.hpp                             0                 0         -           0                 0         -           0                 0         -           0                 0         -
-----------------------------------------------------------------------------------------------------------------------------------------------------------------------------------------------------------------------------------
TOTAL                            3656               898    75.44%         221                24    89.14%        4310               516    88.03%        1970               255    87.06%
